#
# A fatal error has been detected by the Java Runtime Environment:
#
#  EXCEPTION_ACCESS_VIOLATION (0xc0000005) at pc=0x000000006011c821, pid=8756, tid=0x0000000000001f28
#
# JRE version: Java(TM) SE Runtime Environment (8.0_144-b01) (build 1.8.0_144-b01)
# Java VM: Java HotSpot(TM) 64-Bit Server VM (25.144-b01 mixed mode windows-amd64 compressed oops)
# Problematic frame:
# V  [jvm.dll+0x23c821]
#
# Failed to write core dump. Minidumps are not enabled by default on client versions of Windows
#
# If you would like to submit a bug report, please visit:
#   http://bugreport.java.com/bugreport/crash.jsp
#

---------------  T H R E A D  ---------------

Current thread (0x0000000002070000):  JavaThread "main" [_thread_in_vm, id=7976, stack(0x0000000002180000,0x0000000002280000)]

siginfo: ExceptionCode=0xc0000005, reading address 0xffffffffffffffff

Registers:
RAX=0x006f0054002e0074, RBX=0x006f0054002e0074, RCX=0x0000000000000000, RDX=0x00000000c0bfe8c0
RSP=0x0000000002273f60, RBP=0x0000000002070000, RSI=0x00000000c0bfe8c0, RDI=0x0000000054bfe868
R8 =0x006f0054002e0074, R9 =0x0000000000000001, R10=0x000000006010c190, R11=0x00000000c0bfe8c0
R12=0x0000000000000000, R13=0x00000000eafad8d8, R14=0x00000000c5403854, R15=0x0000000002070000
RIP=0x000000006011c821, EFLAGS=0x0000000000010206

Top of Stack: (sp=0x0000000002273f60)
0x0000000002273f60:   00000000022742c8 000000006011d2ff
0x0000000002273f70:   00000000022742c8 00000000022741f0
0x0000000002273f80:   0000000000000000 0000000002070000
0x0000000002273f90:   0000000002070000 00000000c5403854
0x0000000002273fa0:   00000000eafad8d8 0000000000000000
0x0000000002273fb0:   006f0054002e0074 000000006011d2f4
0x0000000002273fc0:   0000000002274100 0000000000000001
0x0000000002273fd0:   0000000002070000 0000000002070000
0x0000000002273fe0:   0000000002274100 000000006011d97a
0x0000000002273ff0:   00000000590a8920 0000000002070000
0x0000000002274000:   0000000002274100 00000000590a8948
0x0000000002274010:   00000000c0bfe8c0 000000006010c206
0x0000000002274020:   00000000590a8920 0000000002070000
0x0000000002274030:   000000004cfa411f 000000005ff518fd
0x0000000002274040:   0000000000001cfb 000000000264f1c9
0x0000000002274050:   0000000002070000 0000000002274100 

Instructions: (pc=0x000000006011c821)
0x000000006011c801:   05 f6 66 57 00 33 c9 89 47 68 ff 15 bf c4 58 00
0x000000006011c811:   48 3b c3 0f 85 37 01 00 00 48 8b c3 48 83 e0 fd
0x000000006011c821:   48 8b 00 48 89 07 48 89 5f 18 4c 89 67 28 48 89
0x000000006011c831:   77 08 48 8b 06 48 85 c0 74 24 4c 8d 0d 46 e9 3c 


Register to memory mapping:

RAX=0x006f0054002e0074 is an unknown value
RBX=0x006f0054002e0074 is an unknown value
RCX=0x0000000000000000 is an unknown value
RDX=0x00000000c0bfe8c0 is pointing into object: 0x00000000c0bfe880
[C 
 - klass: {type array char}
 - length: 36
RSP=0x0000000002273f60 is pointing into the stack for thread: 0x0000000002070000
RBP=0x0000000002070000 is a thread
RSI=0x00000000c0bfe8c0 is pointing into object: 0x00000000c0bfe880
[C 
 - klass: {type array char}
 - length: 36
RDI=0x0000000054bfe868 is an unknown value
R8 =0x006f0054002e0074 is an unknown value
R9 =0x0000000000000001 is an unknown value
R10=0x000000006010c190 is an unknown value
R11=0x00000000c0bfe8c0 is pointing into object: 0x00000000c0bfe880
[C 
 - klass: {type array char}
 - length: 36
R12=0x0000000000000000 is an unknown value
R13=0x00000000eafad8d8 is an oop
java.lang.Object 
 - klass: 'java/lang/Object'
R14=0x00000000c5403854 is pointing into object: 0x00000000c53fc458
[Ljava.util.concurrent.ConcurrentHashMap$Node; 
 - klass: 'java/util/concurrent/ConcurrentHashMap$Node'[]
 - length: 8192
R15=0x0000000002070000 is a thread


Stack: [0x0000000002180000,0x0000000002280000],  sp=0x0000000002273f60,  free space=975k
Native frames: (J=compiled Java code, j=interpreted, Vv=VM code, C=native code)
V  [jvm.dll+0x23c821]
V  [jvm.dll+0x23d2f4]
V  [jvm.dll+0x23d97a]
V  [jvm.dll+0x22c206]
C  0x000000000264f1c9

Java frames: (J=compiled Java code, j=interpreted, Vv=VM code)
v  ~RuntimeStub::_complete_monitor_locking_Java
J 3199 C2 java.util.concurrent.ConcurrentHashMap.putVal(Ljava/lang/Object;Ljava/lang/Object;Z)Ljava/lang/Object; (362 bytes) @ 0x00000000030915f4 [0x0000000003090de0+0x814]
J 3523 C2 java.lang.ClassLoader.loadClass(Ljava/lang/String;Z)Ljava/lang/Class; (122 bytes) @ 0x00000000031aec68 [0x00000000031aebc0+0xa8]
J 3051 C2 java.lang.ClassLoader.loadClass(Ljava/lang/String;)Ljava/lang/Class; (7 bytes) @ 0x0000000002fd4070 [0x0000000002fd4040+0x30]
J 1032 C1 org.sonar.runner.impl.IsolatedClassloader.loadClass(Ljava/lang/String;Z)Ljava/lang/Class; (86 bytes) @ 0x0000000002968694 [0x00000000029664c0+0x21d4]
J 3051 C2 java.lang.ClassLoader.loadClass(Ljava/lang/String;)Ljava/lang/Class; (7 bytes) @ 0x0000000002fd4070 [0x0000000002fd4040+0x30]
v  ~StubRoutines::call_stub
J 986  java.lang.ClassLoader.defineClass1(Ljava/lang/String;[BIILjava/security/ProtectionDomain;Ljava/lang/String;)Ljava/lang/Class; (0 bytes) @ 0x0000000002940f5f [0x0000000002940ec0+0x9f]
J 983 C1 java.lang.ClassLoader.defineClass(Ljava/lang/String;[BIILjava/security/ProtectionDomain;)Ljava/lang/Class; (43 bytes) @ 0x000000000293bf0c [0x000000000293b940+0x5cc]
J 995 C1 java.net.URLClassLoader.defineClass(Ljava/lang/String;Lsun/misc/Resource;)Ljava/lang/Class; (142 bytes) @ 0x0000000002947714 [0x0000000002945c40+0x1ad4]
J 237 C1 java.net.URLClassLoader$1.run()Ljava/lang/Class; (63 bytes) @ 0x0000000002779fac [0x0000000002779ce0+0x2cc]
j  java.net.URLClassLoader$1.run()Ljava/lang/Object;+1
v  ~StubRoutines::call_stub
J 182  java.security.AccessController.doPrivileged(Ljava/security/PrivilegedExceptionAction;Ljava/security/AccessControlContext;)Ljava/lang/Object; (0 bytes) @ 0x0000000002761be6 [0x0000000002761b80+0x66]
J 3232 C2 java.net.URLClassLoader.findClass(Ljava/lang/String;)Ljava/lang/Class; (47 bytes) @ 0x00000000030af6dc [0x00000000030af660+0x7c]
J 1032 C1 org.sonar.runner.impl.IsolatedClassloader.loadClass(Ljava/lang/String;Z)Ljava/lang/Class; (86 bytes) @ 0x0000000002968f94 [0x00000000029664c0+0x2ad4]
J 3051 C2 java.lang.ClassLoader.loadClass(Ljava/lang/String;)Ljava/lang/Class; (7 bytes) @ 0x0000000002fd4070 [0x0000000002fd4040+0x30]
v  ~StubRoutines::call_stub
J 986  java.lang.ClassLoader.defineClass1(Ljava/lang/String;[BIILjava/security/ProtectionDomain;Ljava/lang/String;)Ljava/lang/Class; (0 bytes) @ 0x0000000002940f5f [0x0000000002940ec0+0x9f]
J 983 C1 java.lang.ClassLoader.defineClass(Ljava/lang/String;[BIILjava/security/ProtectionDomain;)Ljava/lang/Class; (43 bytes) @ 0x000000000293bf0c [0x000000000293b940+0x5cc]
J 995 C1 java.net.URLClassLoader.defineClass(Ljava/lang/String;Lsun/misc/Resource;)Ljava/lang/Class; (142 bytes) @ 0x0000000002947714 [0x0000000002945c40+0x1ad4]
J 237 C1 java.net.URLClassLoader$1.run()Ljava/lang/Class; (63 bytes) @ 0x0000000002779fac [0x0000000002779ce0+0x2cc]
j  java.net.URLClassLoader$1.run()Ljava/lang/Object;+1
v  ~StubRoutines::call_stub
J 182  java.security.AccessController.doPrivileged(Ljava/security/PrivilegedExceptionAction;Ljava/security/AccessControlContext;)Ljava/lang/Object; (0 bytes) @ 0x0000000002761be6 [0x0000000002761b80+0x66]
J 3232 C2 java.net.URLClassLoader.findClass(Ljava/lang/String;)Ljava/lang/Class; (47 bytes) @ 0x00000000030af6dc [0x00000000030af660+0x7c]
J 1032 C1 org.sonar.runner.impl.IsolatedClassloader.loadClass(Ljava/lang/String;Z)Ljava/lang/Class; (86 bytes) @ 0x0000000002968f94 [0x00000000029664c0+0x2ad4]
J 3051 C2 java.lang.ClassLoader.loadClass(Ljava/lang/String;)Ljava/lang/Class; (7 bytes) @ 0x0000000002fd4070 [0x0000000002fd4040+0x30]
v  ~StubRoutines::call_stub
J 986  java.lang.ClassLoader.defineClass1(Ljava/lang/String;[BIILjava/security/ProtectionDomain;Ljava/lang/String;)Ljava/lang/Class; (0 bytes) @ 0x0000000002940f5f [0x0000000002940ec0+0x9f]
J 983 C1 java.lang.ClassLoader.defineClass(Ljava/lang/String;[BIILjava/security/ProtectionDomain;)Ljava/lang/Class; (43 bytes) @ 0x000000000293bf0c [0x000000000293b940+0x5cc]
J 995 C1 java.net.URLClassLoader.defineClass(Ljava/lang/String;Lsun/misc/Resource;)Ljava/lang/Class; (142 bytes) @ 0x0000000002947714 [0x0000000002945c40+0x1ad4]
J 237 C1 java.net.URLClassLoader$1.run()Ljava/lang/Class; (63 bytes) @ 0x0000000002779fac [0x0000000002779ce0+0x2cc]
j  java.net.URLClassLoader$1.run()Ljava/lang/Object;+1
v  ~StubRoutines::call_stub
J 182  java.security.AccessController.doPrivileged(Ljava/security/PrivilegedExceptionAction;Ljava/security/AccessControlContext;)Ljava/lang/Object; (0 bytes) @ 0x0000000002761be6 [0x0000000002761b80+0x66]
J 3232 C2 java.net.URLClassLoader.findClass(Ljava/lang/String;)Ljava/lang/Class; (47 bytes) @ 0x00000000030af6dc [0x00000000030af660+0x7c]
J 1032 C1 org.sonar.runner.impl.IsolatedClassloader.loadClass(Ljava/lang/String;Z)Ljava/lang/Class; (86 bytes) @ 0x0000000002968f94 [0x00000000029664c0+0x2ad4]
J 3051 C2 java.lang.ClassLoader.loadClass(Ljava/lang/String;)Ljava/lang/Class; (7 bytes) @ 0x0000000002fd4070 [0x0000000002fd4040+0x30]
v  ~StubRoutines::call_stub
J 1704  java.lang.Class.forName0(Ljava/lang/String;ZLjava/lang/ClassLoader;Ljava/lang/Class;)Ljava/lang/Class; (0 bytes) @ 0x0000000002b4e8c7 [0x0000000002b4e840+0x87]
J 2633 C1 java.lang.Class.forName(Ljava/lang/String;)Ljava/lang/Class; (15 bytes) @ 0x0000000002e8030c [0x0000000002e80160+0x1ac]
j  org.hibernate.hql.ast.SqlASTFactory.class$(Ljava/lang/String;)Ljava/lang/Class;+1
j  org.hibernate.hql.ast.SqlASTFactory.getASTNodeType(I)Ljava/lang/Class;+556
j  antlr.ASTFactory.create(I)Lantlr/collections/AST;+2
j  antlr.ASTFactory.create(Lantlr/collections/AST;)Lantlr/collections/AST;+13
j  org.hibernate.hql.antlr.HqlSqlBaseWalker.query(Lantlr/collections/AST;)V+80
j  org.hibernate.hql.antlr.HqlSqlBaseWalker.selectStatement(Lantlr/collections/AST;)V+38
j  org.hibernate.hql.antlr.HqlSqlBaseWalker.statement(Lantlr/collections/AST;)V+94
j  org.hibernate.hql.ast.QueryTranslatorImpl.analyze(Lorg/hibernate/hql/ast/HqlParser;Ljava/lang/String;)Lorg/hibernate/hql/ast/HqlSqlWalker;+28
j  org.hibernate.hql.ast.QueryTranslatorImpl.doCompile(Ljava/util/Map;ZLjava/lang/String;)V+68
j  org.hibernate.hql.ast.QueryTranslatorImpl.compile(Ljava/util/Map;Z)V+4
j  org.hibernate.engine.query.HQLQueryPlan.<init>(Ljava/lang/String;Ljava/lang/String;ZLjava/util/Map;Lorg/hibernate/engine/SessionFactoryImplementor;)V+151
j  org.hibernate.engine.query.HQLQueryPlan.<init>(Ljava/lang/String;ZLjava/util/Map;Lorg/hibernate/engine/SessionFactoryImplementor;)V+7
j  org.hibernate.engine.query.QueryPlanCache.getHQLQueryPlan(Ljava/lang/String;ZLjava/util/Map;)Lorg/hibernate/engine/query/HQLQueryPlan;+85
j  org.hibernate.impl.AbstractSessionImpl.getHQLQueryPlan(Ljava/lang/String;Z)Lorg/hibernate/engine/query/HQLQueryPlan;+13
j  org.hibernate.impl.AbstractSessionImpl.createQuery(Ljava/lang/String;)Lorg/hibernate/Query;+13
j  org.hibernate.impl.SessionImpl.createQuery(Ljava/lang/String;)Lorg/hibernate/Query;+10
j  org.hibernate.ejb.AbstractEntityManagerImpl.createQuery(Ljava/lang/String;)Ljavax/persistence/Query;+9
j  org.sonar.jpa.session.JpaDatabaseSession.getQueryForCriterias(Ljava/lang/Class;Z[Ljava/lang/Object;)Ljavax/persistence/Query;+116
j  org.sonar.jpa.session.JpaDatabaseSession.getSingleResult(Ljava/lang/Class;[Ljava/lang/Object;)Ljava/lang/Object;+5
j  org.sonar.batch.ProjectConfigurator.checkCurrentAnalysisIsTheLatestOne(Ljava/lang/String;Ljava/util/Date;)V+32
j  org.sonar.batch.ProjectConfigurator.configure(Lorg/sonar/api/resources/Project;)Lorg/sonar/batch/ProjectConfigurator;+11
j  org.sonar.batch.DefaultProjectTree.doStart(Ljava/util/List;)V+228
j  org.sonar.batch.DefaultProjectTree.start()V+8
v  ~StubRoutines::call_stub
J 3174  sun.reflect.NativeMethodAccessorImpl.invoke0(Ljava/lang/reflect/Method;Ljava/lang/Object;[Ljava/lang/Object;)Ljava/lang/Object; (0 bytes) @ 0x000000000305b3bf [0x000000000305b340+0x7f]
J 3173 C1 sun.reflect.NativeMethodAccessorImpl.invoke(Ljava/lang/Object;[Ljava/lang/Object;)Ljava/lang/Object; (104 bytes) @ 0x000000000307acdc [0x0000000003079b80+0x115c]
J 586 C1 sun.reflect.DelegatingMethodAccessorImpl.invoke(Ljava/lang/Object;[Ljava/lang/Object;)Ljava/lang/Object; (10 bytes) @ 0x0000000002851204 [0x0000000002851100+0x104]
J 585 C1 java.lang.reflect.Method.invoke(Ljava/lang/Object;[Ljava/lang/Object;)Ljava/lang/Object; (62 bytes) @ 0x0000000002850c24 [0x0000000002850840+0x3e4]
j  org.picocontainer.lifecycle.ReflectionLifecycleStrategy.invokeMethod(Ljava/lang/Object;Ljava/lang/reflect/Method;)V+36
j  org.picocontainer.lifecycle.ReflectionLifecycleStrategy.start(Ljava/lang/Object;)V+14
j  org.picocontainer.injectors.AbstractInjectionFactory$LifecycleAdapter.start(Ljava/lang/Object;)V+5
j  org.picocontainer.behaviors.AbstractBehavior.start(Ljava/lang/Object;)V+18
j  org.picocontainer.behaviors.Stored$RealComponentLifecycle.start(Lorg/picocontainer/PicoContainer;)V+32
j  org.picocontainer.behaviors.Stored.start(Lorg/picocontainer/PicoContainer;)V+5
j  org.picocontainer.DefaultPicoContainer.potentiallyStartAdapter(Lorg/picocontainer/ComponentAdapter;)V+25
j  org.picocontainer.DefaultPicoContainer.startAdapters()V+83
j  org.picocontainer.DefaultPicoContainer.start()V+10
j  org.sonar.api.platform.ComponentContainer.startComponents()Lorg/sonar/api/platform/ComponentContainer;+8
j  org.sonar.api.platform.ComponentContainer.execute()V+3
j  org.sonar.batch.scan.ScanTask.scan(Lorg/sonar/api/platform/ComponentContainer;)V+57
j  org.sonar.batch.scan.ScanTask.execute()V+57
j  org.sonar.batch.bootstrap.TaskContainer.doAfterStart()V+84
j  org.sonar.api.platform.ComponentContainer.startComponents()Lorg/sonar/api/platform/ComponentContainer;+14
j  org.sonar.api.platform.ComponentContainer.execute()V+3
j  org.sonar.batch.bootstrap.BootstrapContainer.executeTask(Ljava/util/Map;[Ljava/lang/Object;)V+10
j  org.sonar.batch.bootstrapper.Batch.executeTask(Ljava/util/Map;[Ljava/lang/Object;)Lorg/sonar/batch/bootstrapper/Batch;+23
j  org.sonar.batch.bootstrapper.Batch.execute()Lorg/sonar/batch/bootstrapper/Batch;+16
j  org.sonar.runner.batch.IsolatedLauncher.execute(Ljava/lang/String;Ljava/util/Properties;Ljava/util/List;)V+7
v  ~StubRoutines::call_stub
j  sun.reflect.NativeMethodAccessorImpl.invoke0(Ljava/lang/reflect/Method;Ljava/lang/Object;[Ljava/lang/Object;)Ljava/lang/Object;+0
j  sun.reflect.NativeMethodAccessorImpl.invoke(Ljava/lang/Object;[Ljava/lang/Object;)Ljava/lang/Object;+100
J 586 C1 sun.reflect.DelegatingMethodAccessorImpl.invoke(Ljava/lang/Object;[Ljava/lang/Object;)Ljava/lang/Object; (10 bytes) @ 0x0000000002851204 [0x0000000002851100+0x104]
J 585 C1 java.lang.reflect.Method.invoke(Ljava/lang/Object;[Ljava/lang/Object;)Ljava/lang/Object; (62 bytes) @ 0x0000000002850c24 [0x0000000002850840+0x3e4]
j  org.sonar.runner.impl.BatchLauncher$1.delegateExecution(Lorg/sonar/runner/impl/IsolatedClassloader;Ljava/lang/String;Ljava/util/Properties;Ljava/util/List;)Ljava/lang/Object;+84
j  org.sonar.runner.impl.BatchLauncher$1.run()Ljava/lang/Object;+54
v  ~StubRoutines::call_stub
j  java.security.AccessController.doPrivileged(Ljava/security/PrivilegedAction;)Ljava/lang/Object;+0
j  org.sonar.runner.impl.BatchLauncher.doExecute(Lorg/sonar/runner/impl/JarDownloader;Lorg/sonar/runner/impl/ServerVersion;Ljava/util/Properties;Ljava/util/List;)Ljava/lang/Object;+13
j  org.sonar.runner.impl.BatchLauncher.execute(Ljava/util/Properties;Ljava/util/List;)V+34
j  org.sonar.runner.api.EmbeddedRunner.doExecute()V+12
j  org.sonar.runner.api.Runner.execute()V+86
j  org.sonar.ant.SonarTask.launchAnalysis(Ljava/util/Properties;)V+45
j  org.sonar.ant.SonarTask.execute()V+115
j  org.apache.tools.ant.UnknownElement.execute()V+25
j  sun.reflect.GeneratedMethodAccessor4.invoke(Ljava/lang/Object;[Ljava/lang/Object;)Ljava/lang/Object;+36
J 586 C1 sun.reflect.DelegatingMethodAccessorImpl.invoke(Ljava/lang/Object;[Ljava/lang/Object;)Ljava/lang/Object; (10 bytes) @ 0x0000000002851204 [0x0000000002851100+0x104]
J 585 C1 java.lang.reflect.Method.invoke(Ljava/lang/Object;[Ljava/lang/Object;)Ljava/lang/Object; (62 bytes) @ 0x0000000002850c24 [0x0000000002850840+0x3e4]
j  org.apache.tools.ant.dispatch.DispatchUtils.execute(Ljava/lang/Object;)V+518
j  org.apache.tools.ant.Task.perform()V+22
j  org.apache.tools.ant.Target.execute()V+179
j  org.apache.tools.ant.Target.performTasks()V+11
j  org.apache.tools.ant.Project.executeSortedTargets(Ljava/util/Vector;)V+145
j  org.apache.tools.ant.Project.executeTarget(Ljava/lang/String;)V+27
j  org.apache.tools.ant.helper.DefaultExecutor.executeTargets(Lorg/apache/tools/ant/Project;[Ljava/lang/String;)V+17
j  org.eclipse.ant.internal.launching.remote.EclipseDefaultExecutor.executeTargets(Lorg/apache/tools/ant/Project;[Ljava/lang/String;)V+27
j  org.apache.tools.ant.Project.executeTargets(Ljava/util/Vector;)V+29
j  org.eclipse.ant.internal.launching.remote.InternalAntRunner.run(Ljava/util/List;)V+825
j  org.eclipse.ant.internal.launching.remote.InternalAntRunner.main([Ljava/lang/String;)V+11
v  ~StubRoutines::call_stub

---------------  P R O C E S S  ---------------

Java Threads: ( => current thread )
  0x0000000058541000 JavaThread "CLEANUP_MANAGER" [_thread_blocked, id=3016, stack(0x000000005b8d0000,0x000000005b9d0000)]
  0x0000000057022000 JavaThread "CHECKPOINT_WRITER" [_thread_blocked, id=8772, stack(0x000000005b2d0000,0x000000005b3d0000)]
  0x0000000057021000 JavaThread "TXN_UPDATE" [_thread_blocked, id=8604, stack(0x000000005b770000,0x000000005b870000)]
  0x0000000057020800 JavaThread "PAGE_WRITER:8192" [_thread_blocked, id=8252, stack(0x000000005b5e0000,0x000000005b6e0000)]
  0x000000005701f800 JavaThread "JOURNAL_FLUSHER" [_thread_blocked, id=8080, stack(0x000000005b3e0000,0x000000005b4e0000)]
  0x000000005701f000 JavaThread "JOURNAL_COPIER" [_thread_blocked, id=6616, stack(0x000000005b1b0000,0x000000005b2b0000)]
  0x000000005701e000 JavaThread "LOG_FLUSHER" daemon [_thread_blocked, id=6816, stack(0x000000005adc0000,0x000000005aec0000)]
  0x000000005701d000 JavaThread "Keep-Alive-Timer" daemon [_thread_blocked, id=3352, stack(0x0000000057620000,0x0000000057720000)]
  0x0000000054c7d800 JavaThread "Service Thread" daemon [_thread_blocked, id=7412, stack(0x0000000056370000,0x0000000056470000)]
  0x0000000054c75000 JavaThread "C1 CompilerThread1" daemon [_thread_blocked, id=7772, stack(0x0000000056210000,0x0000000056310000)]
  0x0000000054c19000 JavaThread "C2 CompilerThread0" daemon [_thread_blocked, id=8884, stack(0x00000000560e0000,0x00000000561e0000)]
  0x0000000054c18000 JavaThread "Attach Listener" daemon [_thread_blocked, id=6476, stack(0x0000000055df0000,0x0000000055ef0000)]
  0x0000000054c1e000 JavaThread "Signal Dispatcher" daemon [_thread_blocked, id=9128, stack(0x0000000055c70000,0x0000000055d70000)]
  0x0000000054bfa000 JavaThread "Finalizer" daemon [_thread_blocked, id=8472, stack(0x0000000055af0000,0x0000000055bf0000)]
  0x0000000054bb9000 JavaThread "Reference Handler" daemon [_thread_blocked, id=2008, stack(0x0000000055930000,0x0000000055a30000)]
=>0x0000000002070000 JavaThread "main" [_thread_in_vm, id=7976, stack(0x0000000002180000,0x0000000002280000)]

Other Threads:
  0x0000000054baf000 VMThread [stack: 0x00000000556b0000,0x00000000557b0000] [id=7760]
  0x00000000564a1000 WatcherThread [stack: 0x0000000056900000,0x0000000056a00000] [id=7104]

VM state:not at safepoint (normal execution)

VM Mutex/Monitor currently owned by a thread: None

Heap:
 PSYoungGen      total 250880K, used 5384K [0x00000000ead80000, 0x0000000100000000, 0x0000000100000000)
  eden space 221184K, 2% used [0x00000000ead80000,0x00000000eb2c2120,0x00000000f8580000)
  from space 29696K, 0% used [0x00000000f8580000,0x00000000f8580000,0x00000000fa280000)
  to   space 56320K, 0% used [0x00000000fc900000,0x00000000fc900000,0x0000000100000000)
 ParOldGen       total 148992K, used 87078K [0x00000000c0800000, 0x00000000c9980000, 0x00000000ead80000)
  object space 148992K, 58% used [0x00000000c0800000,0x00000000c5d09858,0x00000000c9980000)
 Metaspace       used 34523K, capacity 35242K, committed 35456K, reserved 1081344K
  class space    used 4230K, capacity 4429K, committed 4480K, reserved 1048576K

Card table byte_map: [0x00000000119a0000,0x0000000011ba0000] byte_map_base: 0x000000001139c000

Marking Bits: (ParMarkBitMap*) 0x00000000606fd850
 Begin Bits: [0x00000000120c0000, 0x00000000130a0000)
 End Bits:   [0x00000000130a0000, 0x0000000014080000)

Polling page: 0x0000000000420000

CodeCache: size=245760Kb used=11944Kb max_used=12716Kb free=233815Kb
 bounds [0x00000000025e0000, 0x0000000003270000, 0x00000000115e0000]
 total_blobs=4086 nmethods=3550 adapters=449
 compilation: enabled

Compilation events (10 events):
Event: 30.137 Thread 0x0000000054c75000 3897       1       antlr.BaseAST::getFirstChild (5 bytes)
Event: 30.137 Thread 0x0000000054c75000 nmethod 3897 0x0000000002bb6490 code [0x0000000002bb65e0, 0x0000000002bb66f0]
Event: 30.141 Thread 0x0000000054c19000 3898       4       java.lang.Character::toLowerCase (6 bytes)
Event: 30.142 Thread 0x0000000054c19000 nmethod 3898 0x000000000276e390 code [0x000000000276e5a0, 0x000000000276e718]
Event: 30.182 Thread 0x0000000054c19000 3899       4       java.lang.String::equalsIgnoreCase (48 bytes)
Event: 30.192 Thread 0x0000000054c19000 nmethod 3899 0x0000000002ad8e50 code [0x0000000002ad8fe0, 0x0000000002ad9778]
Event: 30.194 Thread 0x0000000054c75000 3900       3       sun.reflect.UnsafeQualifiedStaticIntegerFieldAccessorImpl::<init> (7 bytes)
Event: 30.195 Thread 0x0000000054c75000 nmethod 3900 0x0000000002a1aa50 code [0x0000000002a1abe0, 0x0000000002a1af38]
Event: 30.195 Thread 0x0000000054c75000 3901       3       sun.reflect.UnsafeQualifiedStaticIntegerFieldAccessorImpl::get (13 bytes)
Event: 30.195 Thread 0x0000000054c75000 nmethod 3901 0x0000000002803250 code [0x00000000028033c0, 0x00000000028036f0]

GC Heap History (10 events):
Event: 21.158 GC heap before
{Heap before GC invocations=8 (full 1):
 PSYoungGen      total 139264K, used 131072K [0x00000000ead80000, 0x00000000f3e80000, 0x0000000100000000)
  eden space 131072K, 100% used [0x00000000ead80000,0x00000000f2d80000,0x00000000f2d80000)
  from space 8192K, 0% used [0x00000000f3680000,0x00000000f3680000,0x00000000f3e80000)
  to   space 8704K, 0% used [0x00000000f2d80000,0x00000000f2d80000,0x00000000f3600000)
 ParOldGen       total 35840K, used 10401K [0x00000000c0800000, 0x00000000c2b00000, 0x00000000ead80000)
  object space 35840K, 29% used [0x00000000c0800000,0x00000000c12284f8,0x00000000c2b00000)
 Metaspace       used 24006K, capacity 24484K, committed 24576K, reserved 1071104K
  class space    used 2892K, capacity 3066K, committed 3072K, reserved 1048576K
Event: 21.184 GC heap after
Heap after GC invocations=8 (full 1):
 PSYoungGen      total 139776K, used 8680K [0x00000000ead80000, 0x00000000fb180000, 0x0000000100000000)
  eden space 131072K, 0% used [0x00000000ead80000,0x00000000ead80000,0x00000000f2d80000)
  from space 8704K, 99% used [0x00000000f2d80000,0x00000000f35fa058,0x00000000f3600000)
  to   space 15360K, 0% used [0x00000000fa280000,0x00000000fa280000,0x00000000fb180000)
 ParOldGen       total 35840K, used 20334K [0x00000000c0800000, 0x00000000c2b00000, 0x00000000ead80000)
  object space 35840K, 56% used [0x00000000c0800000,0x00000000c1bdbb10,0x00000000c2b00000)
 Metaspace       used 24006K, capacity 24484K, committed 24576K, reserved 1071104K
  class space    used 2892K, capacity 3066K, committed 3072K, reserved 1048576K
}
Event: 21.343 GC heap before
{Heap before GC invocations=9 (full 1):
 PSYoungGen      total 139776K, used 139752K [0x00000000ead80000, 0x00000000fb180000, 0x0000000100000000)
  eden space 131072K, 100% used [0x00000000ead80000,0x00000000f2d80000,0x00000000f2d80000)
  from space 8704K, 99% used [0x00000000f2d80000,0x00000000f35fa058,0x00000000f3600000)
  to   space 15360K, 0% used [0x00000000fa280000,0x00000000fa280000,0x00000000fb180000)
 ParOldGen       total 35840K, used 20334K [0x00000000c0800000, 0x00000000c2b00000, 0x00000000ead80000)
  object space 35840K, 56% used [0x00000000c0800000,0x00000000c1bdbb10,0x00000000c2b00000)
 Metaspace       used 24007K, capacity 24484K, committed 24576K, reserved 1071104K
  class space    used 2892K, capacity 3066K, committed 3072K, reserved 1048576K
Event: 21.414 GC heap after
Heap after GC invocations=9 (full 1):
 PSYoungGen      total 236544K, used 15336K [0x00000000ead80000, 0x00000000fe080000, 0x0000000100000000)
  eden space 221184K, 0% used [0x00000000ead80000,0x00000000ead80000,0x00000000f8580000)
  from space 15360K, 99% used [0x00000000fa280000,0x00000000fb17a148,0x00000000fb180000)
  to   space 29696K, 0% used [0x00000000f8580000,0x00000000f8580000,0x00000000fa280000)
 ParOldGen       total 47616K, used 47270K [0x00000000c0800000, 0x00000000c3680000, 0x00000000ead80000)
  object space 47616K, 99% used [0x00000000c0800000,0x00000000c3629850,0x00000000c3680000)
 Metaspace       used 24007K, capacity 24484K, committed 24576K, reserved 1071104K
  class space    used 2892K, capacity 3066K, committed 3072K, reserved 1048576K
}
Event: 21.414 GC heap before
{Heap before GC invocations=10 (full 2):
 PSYoungGen      total 236544K, used 15336K [0x00000000ead80000, 0x00000000fe080000, 0x0000000100000000)
  eden space 221184K, 0% used [0x00000000ead80000,0x00000000ead80000,0x00000000f8580000)
  from space 15360K, 99% used [0x00000000fa280000,0x00000000fb17a148,0x00000000fb180000)
  to   space 29696K, 0% used [0x00000000f8580000,0x00000000f8580000,0x00000000fa280000)
 ParOldGen       total 47616K, used 47270K [0x00000000c0800000, 0x00000000c3680000, 0x00000000ead80000)
  object space 47616K, 99% used [0x00000000c0800000,0x00000000c3629850,0x00000000c3680000)
 Metaspace       used 24007K, capacity 24484K, committed 24576K, reserved 1071104K
  class space    used 2892K, capacity 3066K, committed 3072K, reserved 1048576K
Event: 21.531 GC heap after
Heap after GC invocations=10 (full 2):
 PSYoungGen      total 236544K, used 0K [0x00000000ead80000, 0x00000000fe080000, 0x0000000100000000)
  eden space 221184K, 0% used [0x00000000ead80000,0x00000000ead80000,0x00000000f8580000)
  from space 15360K, 0% used [0x00000000fa280000,0x00000000fa280000,0x00000000fb180000)
  to   space 29696K, 0% used [0x00000000f8580000,0x00000000f8580000,0x00000000fa280000)
 ParOldGen       total 88064K, used 46740K [0x00000000c0800000, 0x00000000c5e00000, 0x00000000ead80000)
  object space 88064K, 53% used [0x00000000c0800000,0x00000000c35a51a8,0x00000000c5e00000)
 Metaspace       used 24007K, capacity 24484K, committed 24576K, reserved 1071104K
  class space    used 2892K, capacity 3066K, committed 3072K, reserved 1048576K
}
Event: 29.623 GC heap before
{Heap before GC invocations=11 (full 2):
 PSYoungGen      total 236544K, used 221184K [0x00000000ead80000, 0x00000000fe080000, 0x0000000100000000)
  eden space 221184K, 100% used [0x00000000ead80000,0x00000000f8580000,0x00000000f8580000)
  from space 15360K, 0% used [0x00000000fa280000,0x00000000fa280000,0x00000000fb180000)
  to   space 29696K, 0% used [0x00000000f8580000,0x00000000f8580000,0x00000000fa280000)
 ParOldGen       total 88064K, used 46740K [0x00000000c0800000, 0x00000000c5e00000, 0x00000000ead80000)
  object space 88064K, 53% used [0x00000000c0800000,0x00000000c35a51a8,0x00000000c5e00000)
 Metaspace       used 33924K, capacity 34654K, committed 34944K, reserved 1079296K
  class space    used 4165K, capacity 4363K, committed 4480K, reserved 1048576K
Event: 29.729 GC heap after
Heap after GC invocations=11 (full 2):
 PSYoungGen      total 250880K, used 29667K [0x00000000ead80000, 0x0000000100000000, 0x0000000100000000)
  eden space 221184K, 0% used [0x00000000ead80000,0x00000000ead80000,0x00000000f8580000)
  from space 29696K, 99% used [0x00000000f8580000,0x00000000fa278e40,0x00000000fa280000)
  to   space 56320K, 0% used [0x00000000fc900000,0x00000000fc900000,0x0000000100000000)
 ParOldGen       total 99328K, used 99210K [0x00000000c0800000, 0x00000000c6900000, 0x00000000ead80000)
  object space 99328K, 99% used [0x00000000c0800000,0x00000000c68e2bf0,0x00000000c6900000)
 Metaspace       used 33924K, capacity 34654K, committed 34944K, reserved 1079296K
  class space    used 4165K, capacity 4363K, committed 4480K, reserved 1048576K
}
Event: 29.729 GC heap before
{Heap before GC invocations=12 (full 3):
 PSYoungGen      total 250880K, used 29667K [0x00000000ead80000, 0x0000000100000000, 0x0000000100000000)
  eden space 221184K, 0% used [0x00000000ead80000,0x00000000ead80000,0x00000000f8580000)
  from space 29696K, 99% used [0x00000000f8580000,0x00000000fa278e40,0x00000000fa280000)
  to   space 56320K, 0% used [0x00000000fc900000,0x00000000fc900000,0x0000000100000000)
 ParOldGen       total 99328K, used 99210K [0x00000000c0800000, 0x00000000c6900000, 0x00000000ead80000)
  object space 99328K, 99% used [0x00000000c0800000,0x00000000c68e2bf0,0x00000000c6900000)
 Metaspace       used 33924K, capacity 34654K, committed 34944K, reserved 1079296K
  class space    used 4165K, capacity 4363K, committed 4480K, reserved 1048576K
Event: 29.939 GC heap after
Heap after GC invocations=12 (full 3):
 PSYoungGen      total 250880K, used 0K [0x00000000ead80000, 0x0000000100000000, 0x0000000100000000)
  eden space 221184K, 0% used [0x00000000ead80000,0x00000000ead80000,0x00000000f8580000)
  from space 29696K, 0% used [0x00000000f8580000,0x00000000f8580000,0x00000000fa280000)
  to   space 56320K, 0% used [0x00000000fc900000,0x00000000fc900000,0x0000000100000000)
 ParOldGen       total 148992K, used 87078K [0x00000000c0800000, 0x00000000c9980000, 0x00000000ead80000)
  object space 148992K, 58% used [0x00000000c0800000,0x00000000c5d09858,0x00000000c9980000)
 Metaspace       used 33924K, capacity 34654K, committed 34944K, reserved 1079296K
  class space    used 4165K, capacity 4363K, committed 4480K, reserved 1048576K
}

Deoptimization events (10 events):
Event: 27.449 Thread 0x0000000002070000 Uncommon trap: reason=class_check action=maybe_recompile pc=0x0000000003057ac4 method=java.lang.reflect.Executable.declaredAnnotations()Ljava/util/Map; @ 8
Event: 27.493 Thread 0x0000000002070000 Uncommon trap: reason=class_check action=maybe_recompile pc=0x0000000003057ac4 method=java.lang.reflect.Executable.declaredAnnotations()Ljava/util/Map; @ 8
Event: 27.493 Thread 0x0000000002070000 Uncommon trap: reason=class_check action=maybe_recompile pc=0x0000000003057ac4 method=java.lang.reflect.Executable.declaredAnnotations()Ljava/util/Map; @ 8
Event: 27.508 Thread 0x0000000002070000 Uncommon trap: reason=class_check action=maybe_recompile pc=0x0000000002f98514 method=java.io.BufferedInputStream.close()V @ 36
Event: 27.509 Thread 0x0000000002070000 Uncommon trap: reason=unstable_if action=reinterpret pc=0x00000000027a65b8 method=java.lang.String$CaseInsensitiveComparator.compare(Ljava/lang/String;Ljava/lang/String;)I @ 70
Event: 27.829 Thread 0x000000005701f800 Uncommon trap: reason=unstable_if action=reinterpret pc=0x0000000002a33678 method=java.lang.ThreadLocal.get()Ljava/lang/Object; @ 11
Event: 30.064 Thread 0x0000000002070000 Uncommon trap: reason=bimorphic action=maybe_recompile pc=0x0000000002f3eb60 method=java.util.Hashtable.addEntry(ILjava/lang/Object;Ljava/lang/Object;I)V @ 38
Event: 30.064 Thread 0x0000000002070000 Uncommon trap: reason=bimorphic action=maybe_recompile pc=0x0000000002f3eb60 method=java.util.Hashtable.addEntry(ILjava/lang/Object;Ljava/lang/Object;I)V @ 38
Event: 30.064 Thread 0x0000000002070000 Uncommon trap: reason=bimorphic action=maybe_recompile pc=0x0000000002f3eb60 method=java.util.Hashtable.addEntry(ILjava/lang/Object;Ljava/lang/Object;I)V @ 38
Event: 30.102 Thread 0x0000000002070000 Uncommon trap: reason=unstable_if action=reinterpret pc=0x0000000002725080 method=java.lang.CharacterData.of(I)Ljava/lang/CharacterData; @ 4

Internal exceptions (10 events):
Event: 20.406 Thread 0x0000000002070000 Implicit null exception at 0x0000000002e928f0 to 0x0000000002e92ac1
Event: 22.227 Thread 0x0000000002070000 Exception <a 'java/lang/ClassNotFoundException': org/hibernate/event/EventListenersBeanInfo> (0x00000000f2b9baf8) thrown at [C:\re\workspace\8-2-build-windows-amd64-cygwin\jdk8u144\9417\hotspot\src\share\vm\classfile\systemDictionary.cpp, line 210]
Event: 22.228 Thread 0x0000000002070000 Exception <a 'java/lang/ClassNotFoundException': org/hibernate/util/CloneableBeanInfo> (0x00000000f2b9efa8) thrown at [C:\re\workspace\8-2-build-windows-amd64-cygwin\jdk8u144\9417\hotspot\src\share\vm\classfile\systemDictionary.cpp, line 210]
Event: 22.228 Thread 0x0000000002070000 Exception <a 'java/lang/ClassNotFoundException': org/hibernate/util/CloneableCustomizer> (0x00000000f2ba2650) thrown at [C:\re\workspace\8-2-build-windows-amd64-cygwin\jdk8u144\9417\hotspot\src\share\vm\classfile\systemDictionary.cpp, line 210]
Event: 22.228 Thread 0x0000000002070000 Exception <a 'java/lang/ClassNotFoundException': org/hibernate/event/EventListenersCustomizer> (0x00000000f2ba7818) thrown at [C:\re\workspace\8-2-build-windows-amd64-cygwin\jdk8u144\9417\hotspot\src\share\vm\classfile\systemDictionary.cpp, line 210]
Event: 23.269 Thread 0x0000000002070000 Exception <a 'java/lang/ClassNotFoundException': org/hibernate/event/EventListenersBeanInfo> (0x00000000f2de2e10) thrown at [C:\re\workspace\8-2-build-windows-amd64-cygwin\jdk8u144\9417\hotspot\src\share\vm\classfile\systemDictionary.cpp, line 210]
Event: 23.270 Thread 0x0000000002070000 Exception <a 'java/lang/ClassNotFoundException': org/hibernate/util/CloneableBeanInfo> (0x00000000f2de6428) thrown at [C:\re\workspace\8-2-build-windows-amd64-cygwin\jdk8u144\9417\hotspot\src\share\vm\classfile\systemDictionary.cpp, line 210]
Event: 23.270 Thread 0x0000000002070000 Exception <a 'java/lang/ClassNotFoundException': org/hibernate/util/CloneableCustomizer> (0x00000000f2de9ab0) thrown at [C:\re\workspace\8-2-build-windows-amd64-cygwin\jdk8u144\9417\hotspot\src\share\vm\classfile\systemDictionary.cpp, line 210]
Event: 23.270 Thread 0x0000000002070000 Exception <a 'java/lang/ClassNotFoundException': org/hibernate/event/EventListenersCustomizer> (0x00000000f2dee2f8) thrown at [C:\re\workspace\8-2-build-windows-amd64-cygwin\jdk8u144\9417\hotspot\src\share\vm\classfile\systemDictionary.cpp, line 210]
Event: 27.829 Thread 0x000000005701f800 Implicit null exception at 0x0000000002a335bb to 0x0000000002a33665

Events (10 events):
Event: 30.194 loading class org/hibernate/hql/ast/util/LiteralProcessor$ApproximateDecimalFormatter
Event: 30.194 loading class org/hibernate/hql/ast/util/LiteralProcessor$ApproximateDecimalFormatter done
Event: 30.194 loading class org/hibernate/hql/antlr/SqlTokenTypes
Event: 30.194 loading class org/hibernate/hql/antlr/SqlTokenTypes done
Event: 30.195 loading class org/hibernate/hql/ast/tree/QueryNode
Event: 30.195 loading class org/hibernate/hql/ast/tree/QueryNode done
Event: 30.195 loading class org/hibernate/hql/ast/tree/AbstractRestrictableStatement
Event: 30.195 loading class org/hibernate/hql/ast/tree/AbstractRestrictableStatement done
Event: 30.195 loading class org/hibernate/hql/ast/tree/AbstractStatement
Event: 30.195 loading class org/hibernate/hql/ast/tree/AbstractStatement done


Dynamic libraries:
0x000000013f9b0000 - 0x000000013f9e7000 	C:\Program Files\Java\jre1.8.0_144\bin\javaw.exe
0x0000000077900000 - 0x0000000077a9f000 	C:\Windows\SYSTEM32\ntdll.dll
0x00000000776e0000 - 0x00000000777ff000 	C:\Windows\system32\kernel32.dll
0x000007fefd8c0000 - 0x000007fefd92a000 	C:\Windows\system32\KERNELBASE.dll
0x000007fefdf70000 - 0x000007fefe04b000 	C:\Windows\system32\ADVAPI32.dll
0x000007fefe690000 - 0x000007fefe72f000 	C:\Windows\system32\msvcrt.dll
0x000007feff580000 - 0x000007feff59f000 	C:\Windows\SYSTEM32\sechost.dll
0x000007feff950000 - 0x000007feffa7d000 	C:\Windows\system32\RPCRT4.dll
0x0000000077800000 - 0x00000000778fa000 	C:\Windows\system32\USER32.dll
0x000007fefd9c0000 - 0x000007fefda27000 	C:\Windows\system32\GDI32.dll
0x000007fefe730000 - 0x000007fefe73e000 	C:\Windows\system32\LPK.dll
0x000007feffb20000 - 0x000007feffbeb000 	C:\Windows\system32\USP10.dll
0x000007fefbf50000 - 0x000007fefc144000 	C:\Windows\WinSxS\amd64_microsoft.windows.common-controls_6595b64144ccf1df_6.0.7601.18837_none_fa3b1e3d17594757\COMCTL32.dll
0x000007fefe340000 - 0x000007fefe3b1000 	C:\Windows\system32\SHLWAPI.dll
0x000007fefd990000 - 0x000007fefd9be000 	C:\Windows\system32\IMM32.DLL
0x000007fefda30000 - 0x000007fefdb39000 	C:\Windows\system32\MSCTF.dll
0x0000000054ec0000 - 0x0000000054f92000 	C:\Program Files\Java\jre1.8.0_144\bin\msvcr100.dll
0x000000005fee0000 - 0x000000006077d000 	C:\Program Files\Java\jre1.8.0_144\bin\server\jvm.dll
0x000007fefd2f0000 - 0x000007fefd2f9000 	C:\Windows\system32\WSOCK32.dll
0x000007feff4d0000 - 0x000007feff51d000 	C:\Windows\system32\WS2_32.dll
0x000007fefe050000 - 0x000007fefe058000 	C:\Windows\system32\NSI.dll
0x000007fefaae0000 - 0x000007fefab1b000 	C:\Windows\system32\WINMM.dll
0x000007fefc470000 - 0x000007fefc47c000 	C:\Windows\system32\VERSION.dll
0x0000000077aa0000 - 0x0000000077aa7000 	C:\Windows\system32\PSAPI.DLL
0x000000006c040000 - 0x000000006c04f000 	C:\Program Files\Java\jre1.8.0_144\bin\verify.dll
0x000000006c010000 - 0x000000006c039000 	C:\Program Files\Java\jre1.8.0_144\bin\java.dll
0x000000006bff0000 - 0x000000006c006000 	C:\Program Files\Java\jre1.8.0_144\bin\zip.dll
0x000007fefe740000 - 0x000007feff4cb000 	C:\Windows\system32\SHELL32.dll
0x000007fefdcd0000 - 0x000007fefdecd000 	C:\Windows\system32\ole32.dll
0x000007fefd5d0000 - 0x000007fefd5df000 	C:\Windows\system32\profapi.dll
0x000000006bfd0000 - 0x000000006bfea000 	C:\Program Files\Java\jre1.8.0_144\bin\net.dll
0x000007fefcaf0000 - 0x000007fefcb45000 	C:\Windows\system32\mswsock.dll
0x000007fefcae0000 - 0x000007fefcae7000 	C:\Windows\System32\wship6.dll
0x000007fefcb50000 - 0x000007fefcb68000 	C:\Windows\system32\CRYPTSP.dll
0x000007fefc880000 - 0x000007fefc8c7000 	C:\Windows\system32\rsaenh.dll
0x000007fefd660000 - 0x000007fefd67e000 	C:\Windows\system32\USERENV.dll
0x000007fefd190000 - 0x000007fefd19f000 	C:\Windows\system32\CRYPTBASE.dll
0x000007fefd2c0000 - 0x000007fefd2e7000 	C:\Windows\system32\IPHLPAPI.DLL
0x000007fefd2b0000 - 0x000007fefd2bb000 	C:\Windows\system32\WINNSI.DLL
0x000007fefadf0000 - 0x000007fefae01000 	C:\Windows\system32\dhcpcsvc6.DLL
0x000007fefadd0000 - 0x000007fefade8000 	C:\Windows\system32\dhcpcsvc.DLL
0x000000006bfb0000 - 0x000000006bfc1000 	C:\Program Files\Java\jre1.8.0_144\bin\nio.dll
0x000007fefb260000 - 0x000007fefb275000 	C:\Windows\system32\NLAapi.dll
0x000007fefa560000 - 0x000007fefa575000 	C:\Windows\system32\napinsp.dll
0x000007fefa580000 - 0x000007fefa599000 	C:\Windows\system32\pnrpnsp.dll
0x000007fefc970000 - 0x000007fefc9cb000 	C:\Windows\system32\DNSAPI.dll
0x000007fefa510000 - 0x000007fefa51b000 	C:\Windows\System32\winrnr.dll
0x000007fefc540000 - 0x000007fefc547000 	C:\Windows\System32\wshtcpip.dll
0x000007fefa870000 - 0x000007fefa878000 	C:\Windows\system32\rasadhlp.dll
0x000007fefae20000 - 0x000007fefae73000 	C:\Windows\System32\fwpuclnt.dll
0x000000006bf80000 - 0x000000006bfa4000 	C:\Program Files\Java\jre1.8.0_144\bin\sunec.dll
0x0000000064f40000 - 0x0000000064f4d000 	C:\Program Files\Java\jre1.8.0_144\bin\management.dll
0x000007fefd300000 - 0x000007fefd425000 	C:\Windows\system32\dbghelp.dll

VM Arguments:
jvm_args: -Dant.home=C:\eclipse\plugins\org.apache.ant_1.9.2.v201404171502 -Dant.library.dir=C:\eclipse\plugins\org.apache.ant_1.9.2.v201404171502\lib -Djava.library.path=C:\eclipse;C:\Windows\Sun\Java\bin;C:\Windows\system32;C:\Windows;C:/Program Files/Java/jre1.8.0_144/bin/server;C:/Program Files/Java/jre1.8.0_144/bin;C:/Program Files/Java/jre1.8.0_144/lib/amd64;C:\ProgramData\Oracle\Java\javapath;C:\Windows\system32;C:\Windows;C:\Windows\System32\Wbem;C:\Windows\System32\WindowsPowerShell\v1.0\;c:\Program Files (x86)\Microsoft SQL Server\110\Tools\Binn\;c:\Program Files\Microsoft SQL Server\110\Tools\Binn\;c:\Program Files\Microsoft SQL Server\110\DTS\Binn\;c:\Program Files (x86)\Microsoft SQL Server\110\Tools\Binn\ManagementStudio\;c:\Program Files (x86)\Microsoft SQL Server\110\DTS\Binn\;C:\Program Files\Java\jre1.8.0_144\bin;C:\Program Files\Java\jdk1.8.0_144\bin;C:\opscode\chefdk\bin\;C:\Program Files (x86)\Skype\Phone\;C:\Program Files\TortoiseGit\bin;C:\Program Files\Git\cmd;C:\Program Files\Java\jdk1.8.0_144\bin;C:\Users\sagnikd\AppData\Local\GitHubDesktop\bin;C:\eclipse;;.;C:\eclipse\configuration\org.eclipse.osgi\676\0\.cp -Dfile.encoding=UTF-8 
java_command: org.eclipse.ant.internal.launching.remote.InternalAntRunner -Dorg.eclipse.ant.core.ANT_PROCESS_ID=1518599847615 -Declipse.connect.port=64140 -Declipse.pdebuild.home=/C:/eclipse/plugins/org.eclipse.pde.build_3.9.0.v20140415-2029/./ -Declipse.pdebuild.scripts=/C:/eclipse/plugins/org.eclipse.pde.build_3.9.0.v20140415-2029/scripts/ -Declipse.pdebuild.templates=/C:/eclipse/plugins/org.eclipse.pde.build_3.9.0.v20140415-2029/templates/ -Dant.home=C:\eclipse\plugins\org.apache.ant_1.9.2.v201404171502 -logger org.eclipse.ant.internal.launching.remote.logger.RemoteAntBuildLogger -inputhandler org.eclipse.ant.internal.ui.antsupport.inputhandler.ProxyInputHandler -buildfile C:\Git_Local_Workspace\DevOps_Demo\sonarbuild.xml
java_class_path (initial): C:\eclipse\plugins\org.apache.ant_1.9.2.v201404171502\lib\ant-antlr.jar;C:\eclipse\plugins\org.apache.ant_1.9.2.v201404171502\lib\ant-apache-bcel.jar;C:\eclipse\plugins\org.apache.ant_1.9.2.v201404171502\lib\ant-apache-bsf.jar;C:\eclipse\plugins\org.apache.ant_1.9.2.v201404171502\lib\ant-apache-log4j.jar;C:\eclipse\plugins\org.apache.ant_1.9.2.v201404171502\lib\ant-apache-oro.jar;C:\eclipse\plugins\org.apache.ant_1.9.2.v201404171502\lib\ant-apache-regexp.jar;C:\eclipse\plugins\org.apache.ant_1.9.2.v201404171502\lib\ant-apache-resolver.jar;C:\eclipse\plugins\org.apache.ant_1.9.2.v201404171502\lib\ant-apache-xalan2.jar;C:\eclipse\plugins\org.apache.ant_1.9.2.v201404171502\lib\ant-commons-logging.jar;C:\eclipse\plugins\org.apache.ant_1.9.2.v201404171502\lib\ant-commons-net.jar;C:\eclipse\plugins\org.apache.ant_1.9.2.v201404171502\lib\ant-jai.jar;C:\eclipse\plugins\org.apache.ant_1.9.2.v201404171502\lib\ant-javamail.jar;C:\eclipse\plugins\org.apache.ant_1.9.2.v201404171502\lib\ant-jdepend.jar;C:\eclipse\plugins\org.apache.ant_1.9.2.v201404171502\lib\ant-jmf.jar;C:\eclipse\plugins\org.apache.ant_1.9.2.v201404171502\lib\ant-jsch.jar;C:\eclipse\plugins\org.apache.ant_1.9.2.v201404171502\lib\ant-junit.jar;C:\eclipse\plugins\org.apache.ant_1.9.2.v201404171502\lib\ant-junit4.jar;C:\eclipse\plugins\org.apache.ant_1.9.2.v201404171502\lib\ant-launcher.jar;C:\eclipse\plugins\org.apache.ant_1.9.2.v201404171502\lib\ant-netrexx.jar;C:\eclipse\plugins\org.apache.ant_1.9.2.v201404171502\lib\ant-swing.jar;C:\eclipse\plugins\org.apache.ant_1.9.2.v201404171502\lib\ant-testutil.jar;C:\eclipse\plugins\org.apache.ant_1.9.2.v201404171502\lib\ant.jar;C:\eclipse\configuration\org.eclipse.osgi\64\0\.cp\lib\antdebug.jar;C:\eclipse\configuration\org.eclipse.osgi\64\0\.cp\lib\remote.jar;C:\eclipse\configuration\org.eclipse.osgi\65\0\.cp\lib\remoteAnt.jar;C:\Program Files\Java\jdk1.8.0_144\lib\tools.jar;C:\eclipse\plugins\org.eclipse.swt.win32.win32.x86_64_3.103.0.v2014
Launcher Type: SUN_STANDARD

Environment Variables:
JAVA_HOME=C:\Program Files\Java\jdk1.8.0_144\bin
PATH=C:/Program Files/Java/jre1.8.0_144/bin/server;C:/Program Files/Java/jre1.8.0_144/bin;C:/Program Files/Java/jre1.8.0_144/lib/amd64;C:\ProgramData\Oracle\Java\javapath;C:\Windows\system32;C:\Windows;C:\Windows\System32\Wbem;C:\Windows\System32\WindowsPowerShell\v1.0\;c:\Program Files (x86)\Microsoft SQL Server\110\Tools\Binn\;c:\Program Files\Microsoft SQL Server\110\Tools\Binn\;c:\Program Files\Microsoft SQL Server\110\DTS\Binn\;c:\Program Files (x86)\Microsoft SQL Server\110\Tools\Binn\ManagementStudio\;c:\Program Files (x86)\Microsoft SQL Server\110\DTS\Binn\;C:\Program Files\Java\jre1.8.0_144\bin;C:\Program Files\Java\jdk1.8.0_144\bin;C:\opscode\chefdk\bin\;C:\Program Files (x86)\Skype\Phone\;C:\Program Files\TortoiseGit\bin;C:\Program Files\Git\cmd;C:\Program Files\Java\jdk1.8.0_144\bin;C:\Users\sagnikd\AppData\Local\GitHubDesktop\bin;C:\eclipse;
USERNAME=Sagnikd
OS=Windows_NT
PROCESSOR_IDENTIFIER=Intel64 Family 6 Model 23 Stepping 10, GenuineIntel



---------------  S Y S T E M  ---------------

OS: Windows 7 , 64 bit Build 7601 (6.1.7601.24000)

CPU:total 2 (initial active 2) (2 cores per cpu, 1 threads per core) family 6 model 23 stepping 10, cmov, cx8, fxsr, mmx, sse, sse2, sse3, ssse3, sse4.1, tsc

Memory: 4k page, physical 4154892k(1275960k free), swap 8307908k(3136272k free)

vm_info: Java HotSpot(TM) 64-Bit Server VM (25.144-b01) for windows-amd64 JRE (1.8.0_144-b01), built on Jul 21 2017 21:57:33 by "java_re" with MS VC++ 10.0 (VS2010)

time: Wed Feb 14 14:48:01 2018
elapsed time: 30 seconds (0d 0h 0m 30s)

